<?xml version="1.0" encoding="UTF-8"?>
<!-- Generated by org.testng.reporters.JUnitReportReporter -->
<testsuite hostname="Divya" name="New" tests="1" failures="0" timestamp="5 Oct 2017 10:18:04 GMT" time="21.556" errors="0">
  <testcase name="Login" time="21.556" classname="New"/>
</testsuite> <!-- New -->
